  [1m[36m (5.2ms)[0m  [1mCREATE TABLE "schema_migrations" ("version" varchar NOT NULL) [0m
  [1m[35m (0.1ms)[0m  select sqlite_version(*)
  [1m[36m (4.0ms)[0m  [1mCREATE UNIQUE INDEX "unique_schema_migrations" ON "schema_migrations" ("version")[0m
  [1m[35mActiveRecord::SchemaMigration Load (0.1ms)[0m  SELECT "schema_migrations".* FROM "schema_migrations"
Migrating to CreateMovies (20111119180638)
  [1m[36m (0.0ms)[0m  [1mbegin transaction[0m
DEPRECATION WARNING: `#timestamps` was called without specifying an option for `null`. In Rails 5, this behavior will change to `null: false`. You should manually specify `null: true` to prevent the behavior of your existing migrations from changing. (called from block in up at /home/ec2-user/environment/hw-acceptance-unit-test-cycle/rottenpotatoes/db/migrate/20111119180638_create_movies.rb:10)
  [1m[35m (0.2ms)[0m  CREATE TABLE "movies" ("id" INTEGER PRIMARY KEY AUTOINCREMENT NOT NULL, "title" varchar, "rating" varchar, "description" text, "release_date" datetime, "created_at" datetime, "updated_at" datetime) 
  [1m[36mSQL (0.1ms)[0m  [1mINSERT INTO "schema_migrations" ("version") VALUES (?)[0m  [["version", "20111119180638"]]
  [1m[35m (4.9ms)[0m  commit transaction
  [1m[36mActiveRecord::SchemaMigration Load (0.1ms)[0m  [1mSELECT "schema_migrations".* FROM "schema_migrations"[0m
  [1m[36m (4.1ms)[0m  [1mCREATE TABLE "movies" ("id" INTEGER PRIMARY KEY AUTOINCREMENT NOT NULL, "title" varchar, "rating" varchar, "description" text, "release_date" datetime, "created_at" datetime, "updated_at" datetime) [0m
  [1m[35m (3.9ms)[0m  CREATE TABLE "schema_migrations" ("version" varchar NOT NULL) 
  [1m[36m (0.1ms)[0m  [1mselect sqlite_version(*)[0m
  [1m[35m (5.0ms)[0m  CREATE UNIQUE INDEX "unique_schema_migrations" ON "schema_migrations" ("version")
  [1m[36m (0.1ms)[0m  [1mSELECT version FROM "schema_migrations"[0m
  [1m[35m (5.3ms)[0m  INSERT INTO "schema_migrations" (version) VALUES ('20111119180638')


Started GET "/" for 50.24.94.94 at 2019-10-20 15:58:35 +0000


Started GET "/movies" for 50.24.94.94 at 2019-10-20 15:58:35 +0000
Processing by MoviesController#index as HTML
  [1m[36mMovie Load (0.1ms)[0m  [1mSELECT "movies".* FROM "movies" WHERE "movies"."rating" IN ('G', 'PG', 'PG-13', 'NC-17', 'R')[0m
  Rendered movies/index.html.haml within layouts/application (10.6ms)
Completed 200 OK in 296ms (Views: 261.9ms | ActiveRecord: 1.5ms)


Started GET "/assets/jquery.self-660adc51e0224b731d29f575a6f1ec167ba08ad06ed5deca4f1e8654c135bf4c.js?body=1" for 50.24.94.94 at 2019-10-20 15:58:36 +0000


Started GET "/assets/application.self-6f9b50b1298248f9ffdfe129ec4b3e377026ffe33aae3e37ecbf3da21d69be77.css?body=1" for 50.24.94.94 at 2019-10-20 15:58:36 +0000


Started GET "/assets/jquery_ujs.self-e87806d0cf4489aeb1bb7288016024e8de67fd18db693fe026fe3907581e53cd.js?body=1" for 50.24.94.94 at 2019-10-20 15:58:36 +0000


Started GET "/assets/application.self-ac4347b135ab8935f2dd20089f2acc8bec1d6b2ad528a80fcb03cd445dbd4d27.js?body=1" for 50.24.94.94 at 2019-10-20 15:58:36 +0000


Started GET "/movies?utf8=%E2%9C%93&ratings%5BG%5D=1&ratings%5BPG%5D=1&ratings%5BPG-13%5D=1&ratings%5BNC-17%5D=1&ratings%5BR%5D=1&commit=Refresh" for 50.24.94.94 at 2019-10-20 15:59:01 +0000
Processing by MoviesController#index as HTML
  Parameters: {"utf8"=>"✓", "ratings"=>{"G"=>"1", "PG"=>"1", "PG-13"=>"1", "NC-17"=>"1", "R"=>"1"}, "commit"=>"Refresh"}
Redirected to https://95c7f8b92a4c493db9b89317e6633b83.vfs.cloud9.us-east-2.amazonaws.com/movies?ratings%5BG%5D=1&ratings%5BNC-17%5D=1&ratings%5BPG%5D=1&ratings%5BPG-13%5D=1&ratings%5BR%5D=1
Completed 302 Found in 1ms (ActiveRecord: 0.0ms)


Started GET "/movies?ratings%5BG%5D=1&ratings%5BNC-17%5D=1&ratings%5BPG%5D=1&ratings%5BPG-13%5D=1&ratings%5BR%5D=1" for 50.24.94.94 at 2019-10-20 15:59:01 +0000
Processing by MoviesController#index as HTML
  Parameters: {"ratings"=>{"G"=>"1", "NC-17"=>"1", "PG"=>"1", "PG-13"=>"1", "R"=>"1"}}
  [1m[35mMovie Load (0.2ms)[0m  SELECT "movies".* FROM "movies" WHERE "movies"."rating" IN ('G', 'NC-17', 'PG', 'PG-13', 'R')
  Rendered movies/index.html.haml within layouts/application (2.1ms)
Completed 200 OK in 10ms (Views: 9.4ms | ActiveRecord: 0.2ms)


Started GET "/movies?utf8=%E2%9C%93&ratings%5BG%5D=1&ratings%5BNC-17%5D=1&ratings%5BR%5D=1&commit=Refresh" for 50.24.94.94 at 2019-10-20 15:59:05 +0000
Processing by MoviesController#index as HTML
  Parameters: {"utf8"=>"✓", "ratings"=>{"G"=>"1", "NC-17"=>"1", "R"=>"1"}, "commit"=>"Refresh"}
Redirected to https://95c7f8b92a4c493db9b89317e6633b83.vfs.cloud9.us-east-2.amazonaws.com/movies?ratings%5BG%5D=1&ratings%5BNC-17%5D=1&ratings%5BR%5D=1
Completed 302 Found in 1ms (ActiveRecord: 0.0ms)


Started GET "/movies?ratings%5BG%5D=1&ratings%5BNC-17%5D=1&ratings%5BR%5D=1" for 50.24.94.94 at 2019-10-20 15:59:05 +0000
Processing by MoviesController#index as HTML
  Parameters: {"ratings"=>{"G"=>"1", "NC-17"=>"1", "R"=>"1"}}
  [1m[36mMovie Load (0.1ms)[0m  [1mSELECT "movies".* FROM "movies" WHERE "movies"."rating" IN ('G', 'NC-17', 'R')[0m
  Rendered movies/index.html.haml within layouts/application (1.9ms)
Completed 200 OK in 11ms (Views: 10.6ms | ActiveRecord: 0.1ms)


Started GET "/movies?ratings%5BG%5D=1&ratings%5BNC-17%5D=1&ratings%5BR%5D=1&sort=release_date" for 50.24.94.94 at 2019-10-20 15:59:07 +0000
Processing by MoviesController#index as HTML
  Parameters: {"ratings"=>{"G"=>"1", "NC-17"=>"1", "R"=>"1"}, "sort"=>"release_date"}
Redirected to https://95c7f8b92a4c493db9b89317e6633b83.vfs.cloud9.us-east-2.amazonaws.com/movies?ratings%5BG%5D=1&ratings%5BNC-17%5D=1&ratings%5BR%5D=1&sort=release_date
Completed 302 Found in 1ms (ActiveRecord: 0.0ms)


Started GET "/movies?ratings%5BG%5D=1&ratings%5BNC-17%5D=1&ratings%5BR%5D=1&sort=release_date" for 50.24.94.94 at 2019-10-20 15:59:07 +0000
Processing by MoviesController#index as HTML
  Parameters: {"ratings"=>{"G"=>"1", "NC-17"=>"1", "R"=>"1"}, "sort"=>"release_date"}
  [1m[35mMovie Load (0.2ms)[0m  SELECT "movies".* FROM "movies" WHERE "movies"."rating" IN ('G', 'NC-17', 'R')  ORDER BY "movies"."release_date" ASC
  Rendered movies/index.html.haml within layouts/application (2.9ms)
Completed 200 OK in 20ms (Views: 19.0ms | ActiveRecord: 0.2ms)


Started GET "/movies?ratings%5BG%5D=1&ratings%5BNC-17%5D=1&ratings%5BR%5D=1&sort=title" for 50.24.94.94 at 2019-10-20 15:59:10 +0000
Processing by MoviesController#index as HTML
  Parameters: {"ratings"=>{"G"=>"1", "NC-17"=>"1", "R"=>"1"}, "sort"=>"title"}
Redirected to https://95c7f8b92a4c493db9b89317e6633b83.vfs.cloud9.us-east-2.amazonaws.com/movies?ratings%5BG%5D=1&ratings%5BNC-17%5D=1&ratings%5BR%5D=1&sort=title
Completed 302 Found in 2ms (ActiveRecord: 0.0ms)


Started GET "/movies?ratings%5BG%5D=1&ratings%5BNC-17%5D=1&ratings%5BR%5D=1&sort=title" for 50.24.94.94 at 2019-10-20 15:59:10 +0000
Processing by MoviesController#index as HTML
  Parameters: {"ratings"=>{"G"=>"1", "NC-17"=>"1", "R"=>"1"}, "sort"=>"title"}
  [1m[36mMovie Load (0.2ms)[0m  [1mSELECT "movies".* FROM "movies" WHERE "movies"."rating" IN ('G', 'NC-17', 'R')  ORDER BY "movies"."title" ASC[0m
  Rendered movies/index.html.haml within layouts/application (3.5ms)
Completed 200 OK in 18ms (Views: 17.0ms | ActiveRecord: 0.2ms)


Started GET "/movies/new" for 50.24.94.94 at 2019-10-20 15:59:12 +0000
Processing by MoviesController#new as HTML
  Rendered movies/new.html.haml within layouts/application (22.3ms)
Completed 200 OK in 37ms (Views: 36.6ms | ActiveRecord: 0.0ms)


Started GET "/" for 50.24.94.94 at 2019-10-21 07:17:29 +0000


Started GET "/movies" for 50.24.94.94 at 2019-10-21 07:17:30 +0000
Processing by MoviesController#index as HTML
Redirected to https://95c7f8b92a4c493db9b89317e6633b83.vfs.cloud9.us-east-2.amazonaws.com/movies?ratings%5BG%5D=1&ratings%5BNC-17%5D=1&ratings%5BR%5D=1&sort=title
Completed 302 Found in 34ms (ActiveRecord: 0.0ms)


Started GET "/movies?ratings%5BG%5D=1&ratings%5BNC-17%5D=1&ratings%5BR%5D=1&sort=title" for 50.24.94.94 at 2019-10-21 07:17:30 +0000
Processing by MoviesController#index as HTML
  Parameters: {"ratings"=>{"G"=>"1", "NC-17"=>"1", "R"=>"1"}, "sort"=>"title"}
  [1m[36mMovie Load (0.1ms)[0m  [1mSELECT "movies".* FROM "movies" WHERE "movies"."rating" IN ('G', 'NC-17', 'R')  ORDER BY "movies"."title" ASC[0m
  Rendered movies/index.html.haml within layouts/application (24.8ms)
Completed 200 OK in 188ms (Views: 180.0ms | ActiveRecord: 2.8ms)


Started GET "/assets/jquery.self-660adc51e0224b731d29f575a6f1ec167ba08ad06ed5deca4f1e8654c135bf4c.js?body=1" for 50.24.94.94 at 2019-10-21 07:17:31 +0000


Started GET "/assets/application.self-ac4347b135ab8935f2dd20089f2acc8bec1d6b2ad528a80fcb03cd445dbd4d27.js?body=1" for 50.24.94.94 at 2019-10-21 07:17:31 +0000


Started GET "/assets/jquery_ujs.self-e87806d0cf4489aeb1bb7288016024e8de67fd18db693fe026fe3907581e53cd.js?body=1" for 50.24.94.94 at 2019-10-21 07:17:31 +0000


Started GET "/movies?utf8=%E2%9C%93&title_sort=true&ratings%5BG%5D=1&ratings%5BNC-17%5D=1&ratings%5BR%5D=1&commit=Refresh" for 50.24.94.94 at 2019-10-21 07:17:37 +0000
Processing by MoviesController#index as HTML
  Parameters: {"utf8"=>"✓", "title_sort"=>"true", "ratings"=>{"G"=>"1", "NC-17"=>"1", "R"=>"1"}, "commit"=>"Refresh"}
Redirected to https://95c7f8b92a4c493db9b89317e6633b83.vfs.cloud9.us-east-2.amazonaws.com/movies?ratings%5BG%5D=1&ratings%5BNC-17%5D=1&ratings%5BR%5D=1&sort=title
Completed 302 Found in 1ms (ActiveRecord: 0.0ms)


Started GET "/movies?ratings%5BG%5D=1&ratings%5BNC-17%5D=1&ratings%5BR%5D=1&sort=title" for 50.24.94.94 at 2019-10-21 07:17:37 +0000
Processing by MoviesController#index as HTML
  Parameters: {"ratings"=>{"G"=>"1", "NC-17"=>"1", "R"=>"1"}, "sort"=>"title"}
  [1m[35mMovie Load (0.2ms)[0m  SELECT "movies".* FROM "movies" WHERE "movies"."rating" IN ('G', 'NC-17', 'R')  ORDER BY "movies"."title" ASC
  Rendered movies/index.html.haml within layouts/application (2.0ms)
Completed 200 OK in 10ms (Views: 8.7ms | ActiveRecord: 0.2ms)
  [1m[36mActiveRecord::SchemaMigration Load (0.1ms)[0m  [1mSELECT "schema_migrations".* FROM "schema_migrations"[0m
  [1m[35mActiveRecord::SchemaMigration Load (0.1ms)[0m  SELECT "schema_migrations".* FROM "schema_migrations"
  [1m[36m (4.3ms)[0m  [1mCREATE TABLE "movies" ("id" INTEGER PRIMARY KEY AUTOINCREMENT NOT NULL, "title" varchar, "rating" varchar, "description" text, "release_date" datetime, "created_at" datetime, "updated_at" datetime) [0m
  [1m[35m (4.0ms)[0m  CREATE TABLE "schema_migrations" ("version" varchar NOT NULL) 
  [1m[36m (0.1ms)[0m  [1mselect sqlite_version(*)[0m
  [1m[35m (3.8ms)[0m  CREATE UNIQUE INDEX "unique_schema_migrations" ON "schema_migrations" ("version")
  [1m[36m (0.1ms)[0m  [1mSELECT version FROM "schema_migrations"[0m
  [1m[35m (3.6ms)[0m  INSERT INTO "schema_migrations" (version) VALUES ('20111119180638')


Started GET "/" for 50.24.94.94 at 2019-10-21 09:02:08 +0000


Started GET "/movies" for 50.24.94.94 at 2019-10-21 09:02:08 +0000
Processing by MoviesController#index as HTML
Redirected to https://95c7f8b92a4c493db9b89317e6633b83.vfs.cloud9.us-east-2.amazonaws.com/movies?ratings%5BG%5D=1&ratings%5BNC-17%5D=1&ratings%5BR%5D=1&sort=title
Completed 302 Found in 30ms (ActiveRecord: 0.0ms)


Started GET "/movies?ratings%5BG%5D=1&ratings%5BNC-17%5D=1&ratings%5BR%5D=1&sort=title" for 50.24.94.94 at 2019-10-21 09:02:08 +0000
Processing by MoviesController#index as HTML
  Parameters: {"ratings"=>{"G"=>"1", "NC-17"=>"1", "R"=>"1"}, "sort"=>"title"}
  [1m[36mMovie Load (0.1ms)[0m  [1mSELECT "movies".* FROM "movies" WHERE "movies"."rating" IN ('G', 'NC-17', 'R')  ORDER BY "movies"."title" ASC[0m
  Rendered movies/index.html.haml within layouts/application (10.5ms)
Completed 200 OK in 351ms (Views: 346.9ms | ActiveRecord: 1.2ms)


Started GET "/assets/application.self-ac4347b135ab8935f2dd20089f2acc8bec1d6b2ad528a80fcb03cd445dbd4d27.js?body=1" for 50.24.94.94 at 2019-10-21 09:02:09 +0000


Started GET "/assets/jquery_ujs.self-e87806d0cf4489aeb1bb7288016024e8de67fd18db693fe026fe3907581e53cd.js?body=1" for 50.24.94.94 at 2019-10-21 09:02:09 +0000


Started GET "/assets/jquery.self-660adc51e0224b731d29f575a6f1ec167ba08ad06ed5deca4f1e8654c135bf4c.js?body=1" for 50.24.94.94 at 2019-10-21 09:02:09 +0000


Started GET "/assets/application.self-10d7477213b2d9139a3be1aa727b08c355fb9797a26f8eb30c741cd445070a87.css?body=1" for 50.24.94.94 at 2019-10-21 09:02:09 +0000


Started GET "/" for 50.24.94.94 at 2019-10-21 09:11:18 +0000


Started GET "/movies" for 50.24.94.94 at 2019-10-21 09:11:18 +0000
Processing by MoviesController#index as HTML
Redirected to https://95c7f8b92a4c493db9b89317e6633b83.vfs.cloud9.us-east-2.amazonaws.com/movies?ratings%5BG%5D=1&ratings%5BNC-17%5D=1&ratings%5BR%5D=1&sort=title
Completed 302 Found in 29ms (ActiveRecord: 0.0ms)


Started GET "/movies?ratings%5BG%5D=1&ratings%5BNC-17%5D=1&ratings%5BR%5D=1&sort=title" for 50.24.94.94 at 2019-10-21 09:11:18 +0000
Processing by MoviesController#index as HTML
  Parameters: {"ratings"=>{"G"=>"1", "NC-17"=>"1", "R"=>"1"}, "sort"=>"title"}
  [1m[36mMovie Load (0.1ms)[0m  [1mSELECT "movies".* FROM "movies" WHERE "movies"."rating" IN ('G', 'NC-17', 'R')  ORDER BY "movies"."title" ASC[0m
  Rendered movies/index.html.haml within layouts/application (10.5ms)
Completed 200 OK in 212ms (Views: 207.0ms | ActiveRecord: 1.3ms)


Started GET "/movies?ratings%5BG%5D=1&ratings%5BNC-17%5D=1&ratings%5BR%5D=1&sort=title" for 50.24.94.94 at 2019-10-21 09:12:32 +0000
Processing by MoviesController#index as HTML
  Parameters: {"ratings"=>{"G"=>"1", "NC-17"=>"1", "R"=>"1"}, "sort"=>"title"}
  [1m[35mMovie Load (0.2ms)[0m  SELECT "movies".* FROM "movies" WHERE "movies"."rating" IN ('G', 'NC-17', 'R')  ORDER BY "movies"."title" ASC
  Rendered movies/index.html.haml within layouts/application (2.5ms)
Completed 200 OK in 11ms (Views: 10.5ms | ActiveRecord: 0.2ms)
  [1m[36mActiveRecord::SchemaMigration Load (0.1ms)[0m  [1mSELECT "schema_migrations".* FROM "schema_migrations"[0m
Migrating to AddDirectorToMovies (20160711211452)
  [1m[35m (0.1ms)[0m  begin transaction
  [1m[36m (0.4ms)[0m  [1mALTER TABLE "movies" ADD "director" varchar[0m
  [1m[35mSQL (0.1ms)[0m  INSERT INTO "schema_migrations" ("version") VALUES (?)  [["version", "20160711211452"]]
  [1m[36m (4.8ms)[0m  [1mcommit transaction[0m
  [1m[35mActiveRecord::SchemaMigration Load (0.1ms)[0m  SELECT "schema_migrations".* FROM "schema_migrations"
  [1m[36m (4.5ms)[0m  [1mCREATE TABLE "movies" ("id" INTEGER PRIMARY KEY AUTOINCREMENT NOT NULL, "title" varchar, "rating" varchar, "description" text, "release_date" datetime, "created_at" datetime, "updated_at" datetime, "director" varchar) [0m
  [1m[35m (4.1ms)[0m  CREATE TABLE "schema_migrations" ("version" varchar NOT NULL) 
  [1m[36m (0.1ms)[0m  [1mselect sqlite_version(*)[0m
  [1m[35m (4.2ms)[0m  CREATE UNIQUE INDEX "unique_schema_migrations" ON "schema_migrations" ("version")
  [1m[36m (0.1ms)[0m  [1mSELECT version FROM "schema_migrations"[0m
  [1m[35m (5.1ms)[0m  INSERT INTO "schema_migrations" (version) VALUES ('20160711211452')
  [1m[36m (5.2ms)[0m  [1mINSERT INTO "schema_migrations" (version) VALUES ('20111119180638')[0m


Started GET "/movies?ratings%5BG%5D=1&ratings%5BNC-17%5D=1&ratings%5BR%5D=1&sort=title" for 50.24.94.94 at 2019-10-21 09:21:40 +0000
Processing by MoviesController#index as HTML
  Parameters: {"ratings"=>{"G"=>"1", "NC-17"=>"1", "R"=>"1"}, "sort"=>"title"}
  [1m[36mMovie Load (0.1ms)[0m  [1mSELECT "movies".* FROM "movies" WHERE "movies"."rating" IN ('G', 'NC-17', 'R')  ORDER BY "movies"."title" ASC[0m
  Rendered movies/index.html.haml within layouts/application (3.7ms)
Completed 200 OK in 20ms (Views: 17.1ms | ActiveRecord: 0.5ms)


Started GET "/movies?ratings%5BG%5D=1&ratings%5BNC-17%5D=1&ratings%5BR%5D=1&sort=title" for 50.24.94.94 at 2019-10-21 09:21:43 +0000
Processing by MoviesController#index as HTML
  Parameters: {"ratings"=>{"G"=>"1", "NC-17"=>"1", "R"=>"1"}, "sort"=>"title"}
  [1m[35mMovie Load (0.2ms)[0m  SELECT "movies".* FROM "movies" WHERE "movies"."rating" IN ('G', 'NC-17', 'R')  ORDER BY "movies"."title" ASC
  Rendered movies/index.html.haml within layouts/application (4.9ms)
Completed 200 OK in 26ms (Views: 24.9ms | ActiveRecord: 0.2ms)


Started GET "/movies/new" for 50.24.94.94 at 2019-10-21 09:22:21 +0000
Processing by MoviesController#new as HTML
  Rendered movies/new.html.haml within layouts/application (30.8ms)
Completed 200 OK in 47ms (Views: 47.1ms | ActiveRecord: 0.0ms)


Started POST "/movies" for 50.24.94.94 at 2019-10-21 09:22:28 +0000
Processing by MoviesController#create as HTML
  Parameters: {"utf8"=>"✓", "authenticity_token"=>"NuzhXvVupHgkjfHxTpHXe4XdhU2Dr6wH1ENeMFVV83r6N206nc1Tsxxiiq4eWPItx+yF/QszJe4a5rl8j3JESw==", "movie"=>{"title"=>"Aladin", "rating"=>"G", "release_date(1i)"=>"2019", "release_date(2i)"=>"10", "release_date(3i)"=>"21"}, "commit"=>"Save Changes"}
  [1m[36m (0.1ms)[0m  [1mbegin transaction[0m
  [1m[35mSQL (0.4ms)[0m  INSERT INTO "movies" ("title", "rating", "release_date", "created_at", "updated_at") VALUES (?, ?, ?, ?, ?)  [["title", "Aladin"], ["rating", "G"], ["release_date", "2019-10-21 00:00:00.000000"], ["created_at", "2019-10-21 09:22:28.747911"], ["updated_at", "2019-10-21 09:22:28.747911"]]
  [1m[36m (4.8ms)[0m  [1mcommit transaction[0m
Redirected to https://95c7f8b92a4c493db9b89317e6633b83.vfs.cloud9.us-east-2.amazonaws.com/movies
Completed 302 Found in 20ms (ActiveRecord: 5.4ms)


Started GET "/movies" for 50.24.94.94 at 2019-10-21 09:22:28 +0000
Processing by MoviesController#index as HTML
Redirected to https://95c7f8b92a4c493db9b89317e6633b83.vfs.cloud9.us-east-2.amazonaws.com/movies?ratings%5BG%5D=1&ratings%5BNC-17%5D=1&ratings%5BR%5D=1&sort=title
Completed 302 Found in 1ms (ActiveRecord: 0.0ms)


Started GET "/movies?ratings%5BG%5D=1&ratings%5BNC-17%5D=1&ratings%5BR%5D=1&sort=title" for 50.24.94.94 at 2019-10-21 09:22:29 +0000
Processing by MoviesController#index as HTML
  Parameters: {"ratings"=>{"G"=>"1", "NC-17"=>"1", "R"=>"1"}, "sort"=>"title"}
  [1m[35mMovie Load (0.2ms)[0m  SELECT "movies".* FROM "movies" WHERE "movies"."rating" IN ('G', 'NC-17', 'R')  ORDER BY "movies"."title" ASC
  Rendered movies/index.html.haml within layouts/application (3.7ms)
Completed 200 OK in 14ms (Views: 12.5ms | ActiveRecord: 0.2ms)


Started GET "/movies/1" for 50.24.94.94 at 2019-10-21 09:22:52 +0000
Processing by MoviesController#show as HTML
  Parameters: {"id"=>"1"}
  [1m[36mMovie Load (0.2ms)[0m  [1mSELECT  "movies".* FROM "movies" WHERE "movies"."id" = ? LIMIT 1[0m  [["id", 1]]
  Rendered movies/show.html.haml within layouts/application (3.5ms)
Completed 200 OK in 16ms (Views: 12.9ms | ActiveRecord: 0.2ms)


Started GET "/movies?ratings%5BG%5D=1&ratings%5BNC-17%5D=1&ratings%5BR%5D=1&sort=title" for 50.24.94.94 at 2019-10-21 09:23:05 +0000
Processing by MoviesController#index as HTML
  Parameters: {"ratings"=>{"G"=>"1", "NC-17"=>"1", "R"=>"1"}, "sort"=>"title"}
  [1m[35mMovie Load (0.2ms)[0m  SELECT "movies".* FROM "movies" WHERE "movies"."rating" IN ('G', 'NC-17', 'R')  ORDER BY "movies"."title" ASC
  Rendered movies/index.html.haml within layouts/application (3.0ms)
Completed 200 OK in 13ms (Views: 12.0ms | ActiveRecord: 0.2ms)
  [1m[36m (5.3ms)[0m  [1mCREATE TABLE "movies" ("id" INTEGER PRIMARY KEY AUTOINCREMENT NOT NULL, "title" varchar, "rating" varchar, "description" text, "release_date" datetime, "created_at" datetime, "updated_at" datetime, "director" varchar) [0m
  [1m[35m (5.0ms)[0m  CREATE TABLE "schema_migrations" ("version" varchar NOT NULL) 
  [1m[36m (0.1ms)[0m  [1mselect sqlite_version(*)[0m
  [1m[35m (4.1ms)[0m  CREATE UNIQUE INDEX "unique_schema_migrations" ON "schema_migrations" ("version")
  [1m[36m (0.1ms)[0m  [1mSELECT version FROM "schema_migrations"[0m
  [1m[35m (3.7ms)[0m  INSERT INTO "schema_migrations" (version) VALUES ('20160711211452')
  [1m[36m (3.8ms)[0m  [1mINSERT INTO "schema_migrations" (version) VALUES ('20111119180638')[0m


Started GET "/movies?ratings%5BG%5D=1&ratings%5BNC-17%5D=1&ratings%5BR%5D=1&sort=title" for 50.24.94.94 at 2019-10-21 09:28:36 +0000
Processing by MoviesController#index as HTML
  Parameters: {"ratings"=>{"G"=>"1", "NC-17"=>"1", "R"=>"1"}, "sort"=>"title"}
  [1m[36mMovie Load (0.2ms)[0m  [1mSELECT "movies".* FROM "movies" WHERE "movies"."rating" IN ('G', 'NC-17', 'R')  ORDER BY "movies"."title" ASC[0m
  Rendered movies/index.html.haml within layouts/application (3.0ms)
Completed 200 OK in 13ms (Views: 11.6ms | ActiveRecord: 0.2ms)


Started GET "/movies?ratings%5BG%5D=1&ratings%5BNC-17%5D=1&ratings%5BR%5D=1&sort=title" for 50.24.94.94 at 2019-10-21 09:28:38 +0000
Processing by MoviesController#index as HTML
  Parameters: {"ratings"=>{"G"=>"1", "NC-17"=>"1", "R"=>"1"}, "sort"=>"title"}
  [1m[35mMovie Load (0.2ms)[0m  SELECT "movies".* FROM "movies" WHERE "movies"."rating" IN ('G', 'NC-17', 'R')  ORDER BY "movies"."title" ASC
  Rendered movies/index.html.haml within layouts/application (3.1ms)
Completed 200 OK in 13ms (Views: 12.0ms | ActiveRecord: 0.2ms)


Started GET "/" for 50.24.94.94 at 2019-10-21 09:28:46 +0000


Started GET "/movies" for 50.24.94.94 at 2019-10-21 09:28:47 +0000
Processing by MoviesController#index as HTML
Redirected to https://95c7f8b92a4c493db9b89317e6633b83.vfs.cloud9.us-east-2.amazonaws.com/movies?ratings%5BG%5D=1&ratings%5BNC-17%5D=1&ratings%5BR%5D=1&sort=title
Completed 302 Found in 1ms (ActiveRecord: 0.0ms)


Started GET "/movies?ratings%5BG%5D=1&ratings%5BNC-17%5D=1&ratings%5BR%5D=1&sort=title" for 50.24.94.94 at 2019-10-21 09:28:47 +0000
Processing by MoviesController#index as HTML
  Parameters: {"ratings"=>{"G"=>"1", "NC-17"=>"1", "R"=>"1"}, "sort"=>"title"}
  [1m[36mMovie Load (0.2ms)[0m  [1mSELECT "movies".* FROM "movies" WHERE "movies"."rating" IN ('G', 'NC-17', 'R')  ORDER BY "movies"."title" ASC[0m
  Rendered movies/index.html.haml within layouts/application (3.0ms)
Completed 200 OK in 13ms (Views: 11.7ms | ActiveRecord: 0.2ms)


Started GET "/movies?ratings%5BG%5D=1&ratings%5BNC-17%5D=1&ratings%5BR%5D=1&sort=release_date" for 50.24.94.94 at 2019-10-21 09:28:59 +0000
Processing by MoviesController#index as HTML
  Parameters: {"ratings"=>{"G"=>"1", "NC-17"=>"1", "R"=>"1"}, "sort"=>"release_date"}
Redirected to https://95c7f8b92a4c493db9b89317e6633b83.vfs.cloud9.us-east-2.amazonaws.com/movies?ratings%5BG%5D=1&ratings%5BNC-17%5D=1&ratings%5BR%5D=1&sort=release_date
Completed 302 Found in 1ms (ActiveRecord: 0.0ms)


Started GET "/movies?ratings%5BG%5D=1&ratings%5BNC-17%5D=1&ratings%5BR%5D=1&sort=release_date" for 50.24.94.94 at 2019-10-21 09:28:59 +0000
Processing by MoviesController#index as HTML
  Parameters: {"ratings"=>{"G"=>"1", "NC-17"=>"1", "R"=>"1"}, "sort"=>"release_date"}
  [1m[35mMovie Load (0.2ms)[0m  SELECT "movies".* FROM "movies" WHERE "movies"."rating" IN ('G', 'NC-17', 'R')  ORDER BY "movies"."release_date" ASC
  Rendered movies/index.html.haml within layouts/application (2.9ms)
Completed 200 OK in 13ms (Views: 11.7ms | ActiveRecord: 0.2ms)


Started GET "/movies?ratings%5BG%5D=1&ratings%5BNC-17%5D=1&ratings%5BR%5D=1&sort=title" for 50.24.94.94 at 2019-10-21 09:29:08 +0000
Processing by MoviesController#index as HTML
  Parameters: {"ratings"=>{"G"=>"1", "NC-17"=>"1", "R"=>"1"}, "sort"=>"title"}
Redirected to https://95c7f8b92a4c493db9b89317e6633b83.vfs.cloud9.us-east-2.amazonaws.com/movies?ratings%5BG%5D=1&ratings%5BNC-17%5D=1&ratings%5BR%5D=1&sort=title
Completed 302 Found in 1ms (ActiveRecord: 0.0ms)


Started GET "/movies?ratings%5BG%5D=1&ratings%5BNC-17%5D=1&ratings%5BR%5D=1&sort=title" for 50.24.94.94 at 2019-10-21 09:29:08 +0000
Processing by MoviesController#index as HTML
  Parameters: {"ratings"=>{"G"=>"1", "NC-17"=>"1", "R"=>"1"}, "sort"=>"title"}
  [1m[36mMovie Load (0.2ms)[0m  [1mSELECT "movies".* FROM "movies" WHERE "movies"."rating" IN ('G', 'NC-17', 'R')  ORDER BY "movies"."title" ASC[0m
  Rendered movies/index.html.haml within layouts/application (7.8ms)
Completed 200 OK in 16ms (Views: 15.3ms | ActiveRecord: 0.2ms)


Started GET "/movies?ratings%5BG%5D=1&ratings%5BNC-17%5D=1&ratings%5BR%5D=1&sort=title" for 50.24.94.94 at 2019-10-21 09:32:45 +0000
Processing by MoviesController#index as HTML
  Parameters: {"ratings"=>{"G"=>"1", "NC-17"=>"1", "R"=>"1"}, "sort"=>"title"}
  [1m[35mMovie Load (0.2ms)[0m  SELECT "movies".* FROM "movies" WHERE "movies"."rating" IN ('G', 'NC-17', 'R')  ORDER BY "movies"."title" ASC
  Rendered movies/index.html.haml within layouts/application (6.6ms)
Completed 200 OK in 18ms (Views: 16.9ms | ActiveRecord: 0.2ms)


Started GET "/movies?ratings%5BG%5D=1&ratings%5BNC-17%5D=1&ratings%5BR%5D=1&sort=title" for 50.24.94.94 at 2019-10-21 09:34:56 +0000
Processing by MoviesController#index as HTML
  Parameters: {"ratings"=>{"G"=>"1", "NC-17"=>"1", "R"=>"1"}, "sort"=>"title"}
  [1m[36mMovie Load (0.2ms)[0m  [1mSELECT "movies".* FROM "movies" WHERE "movies"."rating" IN ('G', 'NC-17', 'R')  ORDER BY "movies"."title" ASC[0m
  Rendered movies/index.html.haml within layouts/application (2.5ms)
Completed 200 OK in 11ms (Views: 10.0ms | ActiveRecord: 0.2ms)


Started GET "/" for 165.91.48.237 at 2019-10-23 02:14:50 +0000


Started GET "/movies" for 165.91.48.237 at 2019-10-23 02:14:50 +0000
Processing by MoviesController#index as HTML
  [1m[36mMovie Load (0.1ms)[0m  [1mSELECT "movies".* FROM "movies" WHERE "movies"."rating" IN ('G', 'PG', 'PG-13', 'NC-17', 'R')[0m
  Rendered movies/index.html.haml within layouts/application (15.4ms)
Completed 200 OK in 254ms (Views: 217.9ms | ActiveRecord: 1.3ms)


Started GET "/movies/1" for 165.91.48.237 at 2019-10-23 02:14:59 +0000
Processing by MoviesController#show as HTML
  Parameters: {"id"=>"1"}
  [1m[35mMovie Load (0.2ms)[0m  SELECT  "movies".* FROM "movies" WHERE "movies"."id" = ? LIMIT 1  [["id", 1]]
  Rendered movies/show.html.haml within layouts/application (3.1ms)
Completed 200 OK in 17ms (Views: 12.3ms | ActiveRecord: 0.2ms)


Started GET "/similar_movies/Aladin" for 165.91.48.237 at 2019-10-23 02:15:08 +0000
Processing by MoviesController#search as HTML
  Parameters: {"title"=>"Aladin"}
  [1m[36mMovie Load (0.2ms)[0m  [1mSELECT  "movies".* FROM "movies" WHERE "movies"."title" = ? LIMIT 1[0m  [["title", "Aladin"]]
Redirected to https://95c7f8b92a4c493db9b89317e6633b83.vfs.cloud9.us-east-2.amazonaws.com/
  [1m[35mCACHE (0.0ms)[0m  SELECT  "movies".* FROM "movies" WHERE "movies"."title" = ? LIMIT 1  [["title", "Aladin"]]
Completed 302 Found in 3ms (ActiveRecord: 0.2ms)


Started GET "/" for 165.91.48.237 at 2019-10-23 02:15:09 +0000


Started GET "/movies" for 165.91.48.237 at 2019-10-23 02:15:09 +0000
Processing by MoviesController#index as HTML
  [1m[36mMovie Load (0.2ms)[0m  [1mSELECT "movies".* FROM "movies" WHERE "movies"."rating" IN ('G', 'PG', 'PG-13', 'NC-17', 'R')[0m
  Rendered movies/index.html.haml within layouts/application (3.1ms)
Completed 200 OK in 13ms (Views: 12.1ms | ActiveRecord: 0.2ms)


Started GET "/movies?utf8=%E2%9C%93&ratings%5BG%5D=1&ratings%5BPG%5D=1&ratings%5BPG-13%5D=1&ratings%5BNC-17%5D=1&ratings%5BR%5D=1&commit=Refresh" for 165.91.48.237 at 2019-10-23 02:16:57 +0000
Processing by MoviesController#index as HTML
  Parameters: {"utf8"=>"✓", "ratings"=>{"G"=>"1", "PG"=>"1", "PG-13"=>"1", "NC-17"=>"1", "R"=>"1"}, "commit"=>"Refresh"}
Redirected to https://95c7f8b92a4c493db9b89317e6633b83.vfs.cloud9.us-east-2.amazonaws.com/movies?ratings%5BG%5D=1&ratings%5BNC-17%5D=1&ratings%5BPG%5D=1&ratings%5BPG-13%5D=1&ratings%5BR%5D=1
Completed 302 Found in 3ms (ActiveRecord: 0.0ms)


Started GET "/movies?ratings%5BG%5D=1&ratings%5BNC-17%5D=1&ratings%5BPG%5D=1&ratings%5BPG-13%5D=1&ratings%5BR%5D=1" for 165.91.48.237 at 2019-10-23 02:16:57 +0000
Processing by MoviesController#index as HTML
  Parameters: {"ratings"=>{"G"=>"1", "NC-17"=>"1", "PG"=>"1", "PG-13"=>"1", "R"=>"1"}}
  [1m[35mMovie Load (0.2ms)[0m  SELECT "movies".* FROM "movies" WHERE "movies"."rating" IN ('G', 'NC-17', 'PG', 'PG-13', 'R')
  Rendered movies/index.html.haml within layouts/application (4.2ms)
Completed 200 OK in 21ms (Views: 19.7ms | ActiveRecord: 0.2ms)


Started GET "/movies?ratings%5BG%5D=1&ratings%5BNC-17%5D=1&ratings%5BPG%5D=1&ratings%5BPG-13%5D=1&ratings%5BR%5D=1&sort=title" for 165.91.48.237 at 2019-10-23 02:17:01 +0000
Processing by MoviesController#index as HTML
  Parameters: {"ratings"=>{"G"=>"1", "NC-17"=>"1", "PG"=>"1", "PG-13"=>"1", "R"=>"1"}, "sort"=>"title"}
Redirected to https://95c7f8b92a4c493db9b89317e6633b83.vfs.cloud9.us-east-2.amazonaws.com/movies?ratings%5BG%5D=1&ratings%5BNC-17%5D=1&ratings%5BPG%5D=1&ratings%5BPG-13%5D=1&ratings%5BR%5D=1&sort=title
Completed 302 Found in 2ms (ActiveRecord: 0.0ms)


Started GET "/movies?ratings%5BG%5D=1&ratings%5BNC-17%5D=1&ratings%5BPG%5D=1&ratings%5BPG-13%5D=1&ratings%5BR%5D=1&sort=title" for 165.91.48.237 at 2019-10-23 02:17:01 +0000
Processing by MoviesController#index as HTML
  Parameters: {"ratings"=>{"G"=>"1", "NC-17"=>"1", "PG"=>"1", "PG-13"=>"1", "R"=>"1"}, "sort"=>"title"}
  [1m[36mMovie Load (0.2ms)[0m  [1mSELECT "movies".* FROM "movies" WHERE "movies"."rating" IN ('G', 'NC-17', 'PG', 'PG-13', 'R')  ORDER BY "movies"."title" ASC[0m
  Rendered movies/index.html.haml within layouts/application (5.6ms)
Completed 200 OK in 24ms (Views: 21.9ms | ActiveRecord: 0.2ms)


Started GET "/movies/new" for 165.91.48.237 at 2019-10-23 02:17:03 +0000
Processing by MoviesController#new as HTML
  Rendered movies/new.html.haml within layouts/application (14.9ms)
Completed 200 OK in 28ms (Views: 28.1ms | ActiveRecord: 0.0ms)


Started POST "/movies" for 165.91.48.237 at 2019-10-23 02:17:35 +0000
Processing by MoviesController#create as HTML
  Parameters: {"utf8"=>"✓", "authenticity_token"=>"f0AZQAw1sk0DR5c3qHD05bpNqqF1jJdHPilsdLFeDoOLLFMdANz+xWIzoI6lwOgyHXqZmqL7uO0V4P3Tt8TDmg==", "movie"=>{"title"=>"The Terminator", "rating"=>"R", "release_date(1i)"=>"2014", "release_date(2i)"=>"10", "release_date(3i)"=>"26"}, "commit"=>"Save Changes"}
  [1m[35m (0.1ms)[0m  begin transaction
  [1m[36mSQL (0.2ms)[0m  [1mINSERT INTO "movies" ("title", "rating", "release_date", "created_at", "updated_at") VALUES (?, ?, ?, ?, ?)[0m  [["title", "The Terminator"], ["rating", "R"], ["release_date", "2014-10-26 00:00:00.000000"], ["created_at", "2019-10-23 02:17:35.840213"], ["updated_at", "2019-10-23 02:17:35.840213"]]
  [1m[35m (4.4ms)[0m  commit transaction
Redirected to https://95c7f8b92a4c493db9b89317e6633b83.vfs.cloud9.us-east-2.amazonaws.com/movies
Completed 302 Found in 10ms (ActiveRecord: 4.7ms)


Started GET "/movies" for 165.91.48.237 at 2019-10-23 02:17:35 +0000
Processing by MoviesController#index as HTML
Redirected to https://95c7f8b92a4c493db9b89317e6633b83.vfs.cloud9.us-east-2.amazonaws.com/movies?ratings%5BG%5D=1&ratings%5BNC-17%5D=1&ratings%5BPG%5D=1&ratings%5BPG-13%5D=1&ratings%5BR%5D=1&sort=title
Completed 302 Found in 1ms (ActiveRecord: 0.0ms)


Started GET "/movies?ratings%5BG%5D=1&ratings%5BNC-17%5D=1&ratings%5BPG%5D=1&ratings%5BPG-13%5D=1&ratings%5BR%5D=1&sort=title" for 165.91.48.237 at 2019-10-23 02:17:35 +0000
Processing by MoviesController#index as HTML
  Parameters: {"ratings"=>{"G"=>"1", "NC-17"=>"1", "PG"=>"1", "PG-13"=>"1", "R"=>"1"}, "sort"=>"title"}
  [1m[36mMovie Load (0.2ms)[0m  [1mSELECT "movies".* FROM "movies" WHERE "movies"."rating" IN ('G', 'NC-17', 'PG', 'PG-13', 'R')  ORDER BY "movies"."title" ASC[0m
  Rendered movies/index.html.haml within layouts/application (2.9ms)
Completed 200 OK in 11ms (Views: 10.3ms | ActiveRecord: 0.2ms)


Started GET "/movies/2" for 165.91.48.237 at 2019-10-23 02:17:41 +0000
Processing by MoviesController#show as HTML
  Parameters: {"id"=>"2"}
  [1m[35mMovie Load (0.1ms)[0m  SELECT  "movies".* FROM "movies" WHERE "movies"."id" = ? LIMIT 1  [["id", 2]]
  Rendered movies/show.html.haml within layouts/application (1.0ms)
Completed 200 OK in 9ms (Views: 8.5ms | ActiveRecord: 0.1ms)


Started GET "/movies/1" for 165.91.48.237 at 2019-10-23 02:17:47 +0000
Processing by MoviesController#show as HTML
  Parameters: {"id"=>"1"}
  [1m[36mMovie Load (0.1ms)[0m  [1mSELECT  "movies".* FROM "movies" WHERE "movies"."id" = ? LIMIT 1[0m  [["id", 1]]
  Rendered movies/show.html.haml within layouts/application (1.0ms)
Completed 200 OK in 9ms (Views: 8.4ms | ActiveRecord: 0.1ms)


Started DELETE "/movies/1" for 165.91.48.237 at 2019-10-23 02:17:48 +0000
Processing by MoviesController#destroy as HTML
  Parameters: {"authenticity_token"=>"o/dyWhU+koEAky2ahFU/0xpNd8ISZLOE2ed2D83jGd1XmzgHGdfeCWHnGiOJ5SMEvXpE+cUTnC7yLueoy3nUxA==", "id"=>"1"}
  [1m[35mMovie Load (0.1ms)[0m  SELECT  "movies".* FROM "movies" WHERE "movies"."id" = ? LIMIT 1  [["id", 1]]
  [1m[36m (0.1ms)[0m  [1mbegin transaction[0m
  [1m[35mSQL (0.2ms)[0m  DELETE FROM "movies" WHERE "movies"."id" = ?  [["id", 1]]
  [1m[36m (5.2ms)[0m  [1mcommit transaction[0m
Redirected to https://95c7f8b92a4c493db9b89317e6633b83.vfs.cloud9.us-east-2.amazonaws.com/movies
Completed 302 Found in 9ms (ActiveRecord: 5.5ms)


Started GET "/movies" for 165.91.48.237 at 2019-10-23 02:17:48 +0000
Processing by MoviesController#index as HTML
Redirected to https://95c7f8b92a4c493db9b89317e6633b83.vfs.cloud9.us-east-2.amazonaws.com/movies?ratings%5BG%5D=1&ratings%5BNC-17%5D=1&ratings%5BPG%5D=1&ratings%5BPG-13%5D=1&ratings%5BR%5D=1&sort=title
Completed 302 Found in 1ms (ActiveRecord: 0.0ms)


Started GET "/movies?ratings%5BG%5D=1&ratings%5BNC-17%5D=1&ratings%5BPG%5D=1&ratings%5BPG-13%5D=1&ratings%5BR%5D=1&sort=title" for 165.91.48.237 at 2019-10-23 02:17:48 +0000
Processing by MoviesController#index as HTML
  Parameters: {"ratings"=>{"G"=>"1", "NC-17"=>"1", "PG"=>"1", "PG-13"=>"1", "R"=>"1"}, "sort"=>"title"}
  [1m[35mMovie Load (0.2ms)[0m  SELECT "movies".* FROM "movies" WHERE "movies"."rating" IN ('G', 'NC-17', 'PG', 'PG-13', 'R')  ORDER BY "movies"."title" ASC
  Rendered movies/index.html.haml within layouts/application (2.8ms)
Completed 200 OK in 11ms (Views: 10.3ms | ActiveRecord: 0.2ms)


Started GET "/movies/new" for 165.91.48.237 at 2019-10-23 02:17:57 +0000
Processing by MoviesController#new as HTML
  Rendered movies/new.html.haml within layouts/application (2.6ms)
Completed 200 OK in 10ms (Views: 10.2ms | ActiveRecord: 0.0ms)


Started POST "/movies" for 165.91.48.237 at 2019-10-23 02:18:12 +0000
Processing by MoviesController#create as HTML
  Parameters: {"utf8"=>"✓", "authenticity_token"=>"1Vah7BMIkXjoYWzepm6S5vz3Y4RS2PdM6jfYBLVuY0EhOuuxH+Hd8IkVW2er3o4xW8BQv4Wv2ObB/kmjs/SuWA==", "movie"=>{"title"=>"Aladdin", "rating"=>"G", "release_date(1i)"=>"2019", "release_date(2i)"=>"11", "release_date(3i)"=>"25"}, "commit"=>"Save Changes"}
  [1m[36m (0.1ms)[0m  [1mbegin transaction[0m
  [1m[35mSQL (0.2ms)[0m  INSERT INTO "movies" ("title", "rating", "release_date", "created_at", "updated_at") VALUES (?, ?, ?, ?, ?)  [["title", "Aladdin"], ["rating", "G"], ["release_date", "2019-11-25 00:00:00.000000"], ["created_at", "2019-10-23 02:18:12.116741"], ["updated_at", "2019-10-23 02:18:12.116741"]]
  [1m[36m (4.2ms)[0m  [1mcommit transaction[0m
Redirected to https://95c7f8b92a4c493db9b89317e6633b83.vfs.cloud9.us-east-2.amazonaws.com/movies
Completed 302 Found in 8ms (ActiveRecord: 4.4ms)


Started GET "/movies" for 165.91.48.237 at 2019-10-23 02:18:12 +0000
Processing by MoviesController#index as HTML
Redirected to https://95c7f8b92a4c493db9b89317e6633b83.vfs.cloud9.us-east-2.amazonaws.com/movies?ratings%5BG%5D=1&ratings%5BNC-17%5D=1&ratings%5BPG%5D=1&ratings%5BPG-13%5D=1&ratings%5BR%5D=1&sort=title
Completed 302 Found in 1ms (ActiveRecord: 0.0ms)


Started GET "/movies?ratings%5BG%5D=1&ratings%5BNC-17%5D=1&ratings%5BPG%5D=1&ratings%5BPG-13%5D=1&ratings%5BR%5D=1&sort=title" for 165.91.48.237 at 2019-10-23 02:18:12 +0000
Processing by MoviesController#index as HTML
  Parameters: {"ratings"=>{"G"=>"1", "NC-17"=>"1", "PG"=>"1", "PG-13"=>"1", "R"=>"1"}, "sort"=>"title"}
  [1m[35mMovie Load (0.2ms)[0m  SELECT "movies".* FROM "movies" WHERE "movies"."rating" IN ('G', 'NC-17', 'PG', 'PG-13', 'R')  ORDER BY "movies"."title" ASC
  Rendered movies/index.html.haml within layouts/application (2.9ms)
Completed 200 OK in 11ms (Views: 10.4ms | ActiveRecord: 0.2ms)


Started GET "/movies/new" for 165.91.48.237 at 2019-10-23 02:18:27 +0000
Processing by MoviesController#new as HTML
  Rendered movies/new.html.haml within layouts/application (2.5ms)
Completed 200 OK in 11ms (Views: 10.4ms | ActiveRecord: 0.0ms)


Started POST "/movies" for 165.91.48.237 at 2019-10-23 02:18:46 +0000
Processing by MoviesController#create as HTML
  Parameters: {"utf8"=>"✓", "authenticity_token"=>"6KN4Ne867BgGhjVbpJfKJmTC+6wreFMmik3b66JJNgAczzJo49OgkGfyAuKpJ9bxw/XIl/wPfIyhhEpMpNP7GQ==", "movie"=>{"title"=>"When Harry Met Sally", "rating"=>"R", "release_date(1i)"=>"2018", "release_date(2i)"=>"7", "release_date(3i)"=>"21"}, "commit"=>"Save Changes"}
  [1m[36m (0.1ms)[0m  [1mbegin transaction[0m
  [1m[35mSQL (0.2ms)[0m  INSERT INTO "movies" ("title", "rating", "release_date", "created_at", "updated_at") VALUES (?, ?, ?, ?, ?)  [["title", "When Harry Met Sally"], ["rating", "R"], ["release_date", "2018-07-21 00:00:00.000000"], ["created_at", "2019-10-23 02:18:46.570805"], ["updated_at", "2019-10-23 02:18:46.570805"]]
  [1m[36m (4.6ms)[0m  [1mcommit transaction[0m
Redirected to https://95c7f8b92a4c493db9b89317e6633b83.vfs.cloud9.us-east-2.amazonaws.com/movies
Completed 302 Found in 8ms (ActiveRecord: 4.9ms)


Started GET "/movies" for 165.91.48.237 at 2019-10-23 02:18:46 +0000
Processing by MoviesController#index as HTML
Redirected to https://95c7f8b92a4c493db9b89317e6633b83.vfs.cloud9.us-east-2.amazonaws.com/movies?ratings%5BG%5D=1&ratings%5BNC-17%5D=1&ratings%5BPG%5D=1&ratings%5BPG-13%5D=1&ratings%5BR%5D=1&sort=title
Completed 302 Found in 1ms (ActiveRecord: 0.0ms)


Started GET "/movies?ratings%5BG%5D=1&ratings%5BNC-17%5D=1&ratings%5BPG%5D=1&ratings%5BPG-13%5D=1&ratings%5BR%5D=1&sort=title" for 165.91.48.237 at 2019-10-23 02:18:46 +0000
Processing by MoviesController#index as HTML
  Parameters: {"ratings"=>{"G"=>"1", "NC-17"=>"1", "PG"=>"1", "PG-13"=>"1", "R"=>"1"}, "sort"=>"title"}
  [1m[35mMovie Load (0.2ms)[0m  SELECT "movies".* FROM "movies" WHERE "movies"."rating" IN ('G', 'NC-17', 'PG', 'PG-13', 'R')  ORDER BY "movies"."title" ASC
  Rendered movies/index.html.haml within layouts/application (3.1ms)
Completed 200 OK in 11ms (Views: 10.4ms | ActiveRecord: 0.2ms)


Started GET "/movies/new" for 165.91.48.237 at 2019-10-23 02:18:57 +0000
Processing by MoviesController#new as HTML
  Rendered movies/new.html.haml within layouts/application (2.4ms)
Completed 200 OK in 10ms (Views: 10.3ms | ActiveRecord: 0.0ms)


Started POST "/movies" for 165.91.48.237 at 2019-10-23 02:19:17 +0000
Processing by MoviesController#create as HTML
  Parameters: {"utf8"=>"✓", "authenticity_token"=>"SYoWuHD0JwfJ8/pVOMpNTNe+nQN590vkVjRja6g73Wy95lzlfB1rj6iHzew1elGbcImuOK6AZE59/fLMrqEQdQ==", "movie"=>{"title"=>"The Help  ", "rating"=>"PG-13", "release_date(1i)"=>"2016", "release_date(2i)"=>"8", "release_date(3i)"=>"10"}, "commit"=>"Save Changes"}
  [1m[36m (0.1ms)[0m  [1mbegin transaction[0m
  [1m[35mSQL (0.2ms)[0m  INSERT INTO "movies" ("title", "rating", "release_date", "created_at", "updated_at") VALUES (?, ?, ?, ?, ?)  [["title", "The Help  "], ["rating", "PG-13"], ["release_date", "2016-08-10 00:00:00.000000"], ["created_at", "2019-10-23 02:19:17.840662"], ["updated_at", "2019-10-23 02:19:17.840662"]]
  [1m[36m (4.4ms)[0m  [1mcommit transaction[0m
Redirected to https://95c7f8b92a4c493db9b89317e6633b83.vfs.cloud9.us-east-2.amazonaws.com/movies
Completed 302 Found in 8ms (ActiveRecord: 4.6ms)


Started GET "/movies" for 165.91.48.237 at 2019-10-23 02:19:17 +0000
Processing by MoviesController#index as HTML
Redirected to https://95c7f8b92a4c493db9b89317e6633b83.vfs.cloud9.us-east-2.amazonaws.com/movies?ratings%5BG%5D=1&ratings%5BNC-17%5D=1&ratings%5BPG%5D=1&ratings%5BPG-13%5D=1&ratings%5BR%5D=1&sort=title
Completed 302 Found in 1ms (ActiveRecord: 0.0ms)


Started GET "/movies?ratings%5BG%5D=1&ratings%5BNC-17%5D=1&ratings%5BPG%5D=1&ratings%5BPG-13%5D=1&ratings%5BR%5D=1&sort=title" for 165.91.48.237 at 2019-10-23 02:19:17 +0000
Processing by MoviesController#index as HTML
  Parameters: {"ratings"=>{"G"=>"1", "NC-17"=>"1", "PG"=>"1", "PG-13"=>"1", "R"=>"1"}, "sort"=>"title"}
  [1m[35mMovie Load (0.2ms)[0m  SELECT "movies".* FROM "movies" WHERE "movies"."rating" IN ('G', 'NC-17', 'PG', 'PG-13', 'R')  ORDER BY "movies"."title" ASC
  Rendered movies/index.html.haml within layouts/application (3.2ms)
Completed 200 OK in 12ms (Views: 10.6ms | ActiveRecord: 0.2ms)


Started GET "/movies/new" for 165.91.48.237 at 2019-10-23 02:19:33 +0000
Processing by MoviesController#new as HTML
  Rendered movies/new.html.haml within layouts/application (2.6ms)
Completed 200 OK in 11ms (Views: 10.7ms | ActiveRecord: 0.0ms)


Started POST "/movies" for 165.91.48.237 at 2019-10-23 02:19:50 +0000
Processing by MoviesController#create as HTML
  Parameters: {"utf8"=>"✓", "authenticity_token"=>"vOExfqdnWwfx1pi3hcuX5U7VPU0L40S+nXvV18IqgdtIjXsjq44Xj5Cirw6Ie4sy6eIOdtyUaxS2skRwxLBMwg==", "movie"=>{"title"=>"Chocolat", "rating"=>"PG-13", "release_date(1i)"=>"2023", "release_date(2i)"=>"1", "release_date(3i)"=>"5"}, "commit"=>"Save Changes"}
  [1m[36m (0.1ms)[0m  [1mbegin transaction[0m
  [1m[35mSQL (0.2ms)[0m  INSERT INTO "movies" ("title", "rating", "release_date", "created_at", "updated_at") VALUES (?, ?, ?, ?, ?)  [["title", "Chocolat"], ["rating", "PG-13"], ["release_date", "2023-01-05 00:00:00.000000"], ["created_at", "2019-10-23 02:19:50.713600"], ["updated_at", "2019-10-23 02:19:50.713600"]]
  [1m[36m (5.2ms)[0m  [1mcommit transaction[0m
Redirected to https://95c7f8b92a4c493db9b89317e6633b83.vfs.cloud9.us-east-2.amazonaws.com/movies
Completed 302 Found in 9ms (ActiveRecord: 5.4ms)


Started GET "/movies" for 165.91.48.237 at 2019-10-23 02:19:50 +0000
Processing by MoviesController#index as HTML
Redirected to https://95c7f8b92a4c493db9b89317e6633b83.vfs.cloud9.us-east-2.amazonaws.com/movies?ratings%5BG%5D=1&ratings%5BNC-17%5D=1&ratings%5BPG%5D=1&ratings%5BPG-13%5D=1&ratings%5BR%5D=1&sort=title
Completed 302 Found in 1ms (ActiveRecord: 0.0ms)


Started GET "/movies?ratings%5BG%5D=1&ratings%5BNC-17%5D=1&ratings%5BPG%5D=1&ratings%5BPG-13%5D=1&ratings%5BR%5D=1&sort=title" for 165.91.48.237 at 2019-10-23 02:19:50 +0000
Processing by MoviesController#index as HTML
  Parameters: {"ratings"=>{"G"=>"1", "NC-17"=>"1", "PG"=>"1", "PG-13"=>"1", "R"=>"1"}, "sort"=>"title"}
  [1m[35mMovie Load (0.2ms)[0m  SELECT "movies".* FROM "movies" WHERE "movies"."rating" IN ('G', 'NC-17', 'PG', 'PG-13', 'R')  ORDER BY "movies"."title" ASC
  Rendered movies/index.html.haml within layouts/application (3.7ms)
Completed 200 OK in 19ms (Views: 17.7ms | ActiveRecord: 0.2ms)


Started GET "/movies/new" for 165.91.48.237 at 2019-10-23 02:20:01 +0000
Processing by MoviesController#new as HTML
  Rendered movies/new.html.haml within layouts/application (5.8ms)
Completed 200 OK in 17ms (Views: 16.8ms | ActiveRecord: 0.0ms)


Started POST "/movies" for 165.91.48.237 at 2019-10-23 02:20:15 +0000
Processing by MoviesController#create as HTML
  Parameters: {"utf8"=>"✓", "authenticity_token"=>"+e+ZkAH13XROLAjRrKITNod88vuZBOQd7y4YwOCETLsNg9PNDRyR/C9YP2ihEg/hIEvBwE5zy7fE54ln5h6Bog==", "movie"=>{"title"=>"Amelie", "rating"=>"R", "release_date(1i)"=>"2019", "release_date(2i)"=>"4", "release_date(3i)"=>"19"}, "commit"=>"Save Changes"}
  [1m[36m (0.1ms)[0m  [1mbegin transaction[0m
  [1m[35mSQL (0.2ms)[0m  INSERT INTO "movies" ("title", "rating", "release_date", "created_at", "updated_at") VALUES (?, ?, ?, ?, ?)  [["title", "Amelie"], ["rating", "R"], ["release_date", "2019-04-19 00:00:00.000000"], ["created_at", "2019-10-23 02:20:15.565888"], ["updated_at", "2019-10-23 02:20:15.565888"]]
  [1m[36m (5.0ms)[0m  [1mcommit transaction[0m
Redirected to https://95c7f8b92a4c493db9b89317e6633b83.vfs.cloud9.us-east-2.amazonaws.com/movies
Completed 302 Found in 9ms (ActiveRecord: 5.3ms)


Started GET "/movies" for 165.91.48.237 at 2019-10-23 02:20:15 +0000
Processing by MoviesController#index as HTML
Redirected to https://95c7f8b92a4c493db9b89317e6633b83.vfs.cloud9.us-east-2.amazonaws.com/movies?ratings%5BG%5D=1&ratings%5BNC-17%5D=1&ratings%5BPG%5D=1&ratings%5BPG-13%5D=1&ratings%5BR%5D=1&sort=title
Completed 302 Found in 1ms (ActiveRecord: 0.0ms)


Started GET "/movies?ratings%5BG%5D=1&ratings%5BNC-17%5D=1&ratings%5BPG%5D=1&ratings%5BPG-13%5D=1&ratings%5BR%5D=1&sort=title" for 165.91.48.237 at 2019-10-23 02:20:15 +0000
Processing by MoviesController#index as HTML
  Parameters: {"ratings"=>{"G"=>"1", "NC-17"=>"1", "PG"=>"1", "PG-13"=>"1", "R"=>"1"}, "sort"=>"title"}
  [1m[35mMovie Load (0.2ms)[0m  SELECT "movies".* FROM "movies" WHERE "movies"."rating" IN ('G', 'NC-17', 'PG', 'PG-13', 'R')  ORDER BY "movies"."title" ASC
  Rendered movies/index.html.haml within layouts/application (3.7ms)
Completed 200 OK in 12ms (Views: 11.3ms | ActiveRecord: 0.2ms)


Started GET "/movies/new" for 165.91.48.237 at 2019-10-23 02:20:25 +0000
Processing by MoviesController#new as HTML
  Rendered movies/new.html.haml within layouts/application (2.5ms)
Completed 200 OK in 11ms (Views: 10.5ms | ActiveRecord: 0.0ms)


Started POST "/movies" for 165.91.48.237 at 2019-10-23 02:20:33 +0000
Processing by MoviesController#create as HTML
  Parameters: {"utf8"=>"✓", "authenticity_token"=>"vWQzkCVijrwVoo52uhzcXbbwWuejUrAyLm3UFAXj3/1JCHnNKYvCNHTWuc+3rMCKEcdp3HQln5gFpEWzA3kS5A==", "movie"=>{"title"=>"2001: A Space Odyssey", "rating"=>"G", "release_date(1i)"=>"2019", "release_date(2i)"=>"5", "release_date(3i)"=>"23"}, "commit"=>"Save Changes"}
  [1m[36m (0.1ms)[0m  [1mbegin transaction[0m
  [1m[35mSQL (0.2ms)[0m  INSERT INTO "movies" ("title", "rating", "release_date", "created_at", "updated_at") VALUES (?, ?, ?, ?, ?)  [["title", "2001: A Space Odyssey"], ["rating", "G"], ["release_date", "2019-05-23 00:00:00.000000"], ["created_at", "2019-10-23 02:20:33.397537"], ["updated_at", "2019-10-23 02:20:33.397537"]]
  [1m[36m (5.0ms)[0m  [1mcommit transaction[0m
Redirected to https://95c7f8b92a4c493db9b89317e6633b83.vfs.cloud9.us-east-2.amazonaws.com/movies
Completed 302 Found in 9ms (ActiveRecord: 5.2ms)


Started GET "/movies" for 165.91.48.237 at 2019-10-23 02:20:33 +0000
Processing by MoviesController#index as HTML
Redirected to https://95c7f8b92a4c493db9b89317e6633b83.vfs.cloud9.us-east-2.amazonaws.com/movies?ratings%5BG%5D=1&ratings%5BNC-17%5D=1&ratings%5BPG%5D=1&ratings%5BPG-13%5D=1&ratings%5BR%5D=1&sort=title
Completed 302 Found in 1ms (ActiveRecord: 0.0ms)


Started GET "/movies?ratings%5BG%5D=1&ratings%5BNC-17%5D=1&ratings%5BPG%5D=1&ratings%5BPG-13%5D=1&ratings%5BR%5D=1&sort=title" for 165.91.48.237 at 2019-10-23 02:20:33 +0000
Processing by MoviesController#index as HTML
  Parameters: {"ratings"=>{"G"=>"1", "NC-17"=>"1", "PG"=>"1", "PG-13"=>"1", "R"=>"1"}, "sort"=>"title"}
  [1m[35mMovie Load (0.3ms)[0m  SELECT "movies".* FROM "movies" WHERE "movies"."rating" IN ('G', 'NC-17', 'PG', 'PG-13', 'R')  ORDER BY "movies"."title" ASC
  Rendered movies/index.html.haml within layouts/application (3.7ms)
Completed 200 OK in 12ms (Views: 11.4ms | ActiveRecord: 0.3ms)


Started GET "/movies/new" for 165.91.48.237 at 2019-10-23 02:20:42 +0000
Processing by MoviesController#new as HTML
  Rendered movies/new.html.haml within layouts/application (2.6ms)
Completed 200 OK in 11ms (Views: 10.8ms | ActiveRecord: 0.0ms)


Started POST "/movies" for 165.91.48.237 at 2019-10-23 02:20:51 +0000
Processing by MoviesController#create as HTML
  Parameters: {"utf8"=>"✓", "authenticity_token"=>"9C6m0wJ1gSnjSvYBf196+n1DdzhRZK9THdEto3tHwxgAQuyODpzNoYI+wbhy72Yt2nREA4YTgPk2GLwEfd0OAQ==", "movie"=>{"title"=>"The Incredibles", "rating"=>"PG", "release_date(1i)"=>"2019", "release_date(2i)"=>"2", "release_date(3i)"=>"12"}, "commit"=>"Save Changes"}
  [1m[36m (0.1ms)[0m  [1mbegin transaction[0m
  [1m[35mSQL (0.2ms)[0m  INSERT INTO "movies" ("title", "rating", "release_date", "created_at", "updated_at") VALUES (?, ?, ?, ?, ?)  [["title", "The Incredibles"], ["rating", "PG"], ["release_date", "2019-02-12 00:00:00.000000"], ["created_at", "2019-10-23 02:20:51.681577"], ["updated_at", "2019-10-23 02:20:51.681577"]]
  [1m[36m (5.1ms)[0m  [1mcommit transaction[0m
Redirected to https://95c7f8b92a4c493db9b89317e6633b83.vfs.cloud9.us-east-2.amazonaws.com/movies
Completed 302 Found in 9ms (ActiveRecord: 5.4ms)


Started GET "/movies" for 165.91.48.237 at 2019-10-23 02:20:51 +0000
Processing by MoviesController#index as HTML
Redirected to https://95c7f8b92a4c493db9b89317e6633b83.vfs.cloud9.us-east-2.amazonaws.com/movies?ratings%5BG%5D=1&ratings%5BNC-17%5D=1&ratings%5BPG%5D=1&ratings%5BPG-13%5D=1&ratings%5BR%5D=1&sort=title
Completed 302 Found in 1ms (ActiveRecord: 0.0ms)


Started GET "/movies?ratings%5BG%5D=1&ratings%5BNC-17%5D=1&ratings%5BPG%5D=1&ratings%5BPG-13%5D=1&ratings%5BR%5D=1&sort=title" for 165.91.48.237 at 2019-10-23 02:20:51 +0000
Processing by MoviesController#index as HTML
  Parameters: {"ratings"=>{"G"=>"1", "NC-17"=>"1", "PG"=>"1", "PG-13"=>"1", "R"=>"1"}, "sort"=>"title"}
  [1m[35mMovie Load (0.3ms)[0m  SELECT "movies".* FROM "movies" WHERE "movies"."rating" IN ('G', 'NC-17', 'PG', 'PG-13', 'R')  ORDER BY "movies"."title" ASC
  Rendered movies/index.html.haml within layouts/application (4.0ms)
Completed 200 OK in 13ms (Views: 12.0ms | ActiveRecord: 0.3ms)


Started GET "/movies/new" for 165.91.48.237 at 2019-10-23 02:21:04 +0000
Processing by MoviesController#new as HTML
  Rendered movies/new.html.haml within layouts/application (3.0ms)
Completed 200 OK in 12ms (Views: 11.5ms | ActiveRecord: 0.0ms)


Started POST "/movies" for 165.91.48.237 at 2019-10-23 02:21:17 +0000
Processing by MoviesController#create as HTML
  Parameters: {"utf8"=>"✓", "authenticity_token"=>"fBfVYwRWO2gzBETTKpOxIJu5iwhbFa+nju4B5U4GSvSIe58+CL934FJwc2onI633PI64M4xigA2lJ5BCSJyH7Q==", "movie"=>{"title"=>"Raiders of the Lost Ark", "rating"=>"PG", "release_date(1i)"=>"2019", "release_date(2i)"=>"6", "release_date(3i)"=>"12"}, "commit"=>"Save Changes"}
  [1m[36m (0.1ms)[0m  [1mbegin transaction[0m
  [1m[35mSQL (0.3ms)[0m  INSERT INTO "movies" ("title", "rating", "release_date", "created_at", "updated_at") VALUES (?, ?, ?, ?, ?)  [["title", "Raiders of the Lost Ark"], ["rating", "PG"], ["release_date", "2019-06-12 00:00:00.000000"], ["created_at", "2019-10-23 02:21:17.596996"], ["updated_at", "2019-10-23 02:21:17.596996"]]
  [1m[36m (5.2ms)[0m  [1mcommit transaction[0m
Redirected to https://95c7f8b92a4c493db9b89317e6633b83.vfs.cloud9.us-east-2.amazonaws.com/movies
Completed 302 Found in 11ms (ActiveRecord: 5.5ms)


Started GET "/movies" for 165.91.48.237 at 2019-10-23 02:21:17 +0000
Processing by MoviesController#index as HTML
Redirected to https://95c7f8b92a4c493db9b89317e6633b83.vfs.cloud9.us-east-2.amazonaws.com/movies?ratings%5BG%5D=1&ratings%5BNC-17%5D=1&ratings%5BPG%5D=1&ratings%5BPG-13%5D=1&ratings%5BR%5D=1&sort=title
Completed 302 Found in 1ms (ActiveRecord: 0.0ms)


Started GET "/movies?ratings%5BG%5D=1&ratings%5BNC-17%5D=1&ratings%5BPG%5D=1&ratings%5BPG-13%5D=1&ratings%5BR%5D=1&sort=title" for 165.91.48.237 at 2019-10-23 02:21:17 +0000
Processing by MoviesController#index as HTML
  Parameters: {"ratings"=>{"G"=>"1", "NC-17"=>"1", "PG"=>"1", "PG-13"=>"1", "R"=>"1"}, "sort"=>"title"}
  [1m[35mMovie Load (0.3ms)[0m  SELECT "movies".* FROM "movies" WHERE "movies"."rating" IN ('G', 'NC-17', 'PG', 'PG-13', 'R')  ORDER BY "movies"."title" ASC
  Rendered movies/index.html.haml within layouts/application (4.0ms)
Completed 200 OK in 12ms (Views: 11.1ms | ActiveRecord: 0.3ms)


Started GET "/movies/new" for 165.91.48.237 at 2019-10-23 02:21:26 +0000
Processing by MoviesController#new as HTML
  Rendered movies/new.html.haml within layouts/application (2.4ms)
Completed 200 OK in 10ms (Views: 9.9ms | ActiveRecord: 0.0ms)


Started POST "/movies" for 165.91.48.237 at 2019-10-23 02:21:40 +0000
Processing by MoviesController#create as HTML
  Parameters: {"utf8"=>"✓", "authenticity_token"=>"/a/77bnV4z9TaFXekvCK0qT+jsbdkqIuq4AqiGOeb+gJw7GwtTyvtzIcYmefQJYFA8m9/QrljYSASbsvZQSi8Q==", "movie"=>{"title"=>"Chicken Run", "rating"=>"G", "release_date(1i)"=>"2019", "release_date(2i)"=>"6", "release_date(3i)"=>"21"}, "commit"=>"Save Changes"}
  [1m[36m (0.1ms)[0m  [1mbegin transaction[0m
  [1m[35mSQL (0.2ms)[0m  INSERT INTO "movies" ("title", "rating", "release_date", "created_at", "updated_at") VALUES (?, ?, ?, ?, ?)  [["title", "Chicken Run"], ["rating", "G"], ["release_date", "2019-06-21 00:00:00.000000"], ["created_at", "2019-10-23 02:21:40.250601"], ["updated_at", "2019-10-23 02:21:40.250601"]]
  [1m[36m (5.7ms)[0m  [1mcommit transaction[0m
Redirected to https://95c7f8b92a4c493db9b89317e6633b83.vfs.cloud9.us-east-2.amazonaws.com/movies
Completed 302 Found in 9ms (ActiveRecord: 6.0ms)


Started GET "/movies" for 165.91.48.237 at 2019-10-23 02:21:40 +0000
Processing by MoviesController#index as HTML
Redirected to https://95c7f8b92a4c493db9b89317e6633b83.vfs.cloud9.us-east-2.amazonaws.com/movies?ratings%5BG%5D=1&ratings%5BNC-17%5D=1&ratings%5BPG%5D=1&ratings%5BPG-13%5D=1&ratings%5BR%5D=1&sort=title
Completed 302 Found in 1ms (ActiveRecord: 0.0ms)


Started GET "/movies?ratings%5BG%5D=1&ratings%5BNC-17%5D=1&ratings%5BPG%5D=1&ratings%5BPG-13%5D=1&ratings%5BR%5D=1&sort=title" for 165.91.48.237 at 2019-10-23 02:21:40 +0000
Processing by MoviesController#index as HTML
  Parameters: {"ratings"=>{"G"=>"1", "NC-17"=>"1", "PG"=>"1", "PG-13"=>"1", "R"=>"1"}, "sort"=>"title"}
  [1m[35mMovie Load (0.2ms)[0m  SELECT "movies".* FROM "movies" WHERE "movies"."rating" IN ('G', 'NC-17', 'PG', 'PG-13', 'R')  ORDER BY "movies"."title" ASC
  Rendered movies/index.html.haml within layouts/application (4.0ms)
Completed 200 OK in 12ms (Views: 11.1ms | ActiveRecord: 0.2ms)


Started GET "/movies?ratings%5BG%5D=1&ratings%5BNC-17%5D=1&ratings%5BPG%5D=1&ratings%5BPG-13%5D=1&ratings%5BR%5D=1&sort=title" for 165.91.48.237 at 2019-10-23 02:21:43 +0000
Processing by MoviesController#index as HTML
  Parameters: {"ratings"=>{"G"=>"1", "NC-17"=>"1", "PG"=>"1", "PG-13"=>"1", "R"=>"1"}, "sort"=>"title"}
  [1m[36mMovie Load (0.3ms)[0m  [1mSELECT "movies".* FROM "movies" WHERE "movies"."rating" IN ('G', 'NC-17', 'PG', 'PG-13', 'R')  ORDER BY "movies"."title" ASC[0m
  Rendered movies/index.html.haml within layouts/application (4.2ms)
Completed 200 OK in 12ms (Views: 11.3ms | ActiveRecord: 0.3ms)


Started GET "/movies?ratings%5BG%5D=1&ratings%5BNC-17%5D=1&ratings%5BPG%5D=1&ratings%5BPG-13%5D=1&ratings%5BR%5D=1&sort=release_date" for 165.91.48.237 at 2019-10-23 02:21:46 +0000
Processing by MoviesController#index as HTML
  Parameters: {"ratings"=>{"G"=>"1", "NC-17"=>"1", "PG"=>"1", "PG-13"=>"1", "R"=>"1"}, "sort"=>"release_date"}
Redirected to https://95c7f8b92a4c493db9b89317e6633b83.vfs.cloud9.us-east-2.amazonaws.com/movies?ratings%5BG%5D=1&ratings%5BNC-17%5D=1&ratings%5BPG%5D=1&ratings%5BPG-13%5D=1&ratings%5BR%5D=1&sort=release_date
Completed 302 Found in 1ms (ActiveRecord: 0.0ms)


Started GET "/movies?ratings%5BG%5D=1&ratings%5BNC-17%5D=1&ratings%5BPG%5D=1&ratings%5BPG-13%5D=1&ratings%5BR%5D=1&sort=release_date" for 165.91.48.237 at 2019-10-23 02:21:46 +0000
Processing by MoviesController#index as HTML
  Parameters: {"ratings"=>{"G"=>"1", "NC-17"=>"1", "PG"=>"1", "PG-13"=>"1", "R"=>"1"}, "sort"=>"release_date"}
  [1m[35mMovie Load (5.1ms)[0m  SELECT "movies".* FROM "movies" WHERE "movies"."rating" IN ('G', 'NC-17', 'PG', 'PG-13', 'R')  ORDER BY "movies"."release_date" ASC
  Rendered movies/index.html.haml within layouts/application (9.1ms)
Completed 200 OK in 18ms (Views: 11.9ms | ActiveRecord: 5.1ms)


Started GET "/movies?ratings%5BG%5D=1&ratings%5BNC-17%5D=1&ratings%5BPG%5D=1&ratings%5BPG-13%5D=1&ratings%5BR%5D=1&sort=title" for 165.91.48.237 at 2019-10-23 02:21:48 +0000
Processing by MoviesController#index as HTML
  Parameters: {"ratings"=>{"G"=>"1", "NC-17"=>"1", "PG"=>"1", "PG-13"=>"1", "R"=>"1"}, "sort"=>"title"}
Redirected to https://95c7f8b92a4c493db9b89317e6633b83.vfs.cloud9.us-east-2.amazonaws.com/movies?ratings%5BG%5D=1&ratings%5BNC-17%5D=1&ratings%5BPG%5D=1&ratings%5BPG-13%5D=1&ratings%5BR%5D=1&sort=title
Completed 302 Found in 1ms (ActiveRecord: 0.0ms)


Started GET "/movies?ratings%5BG%5D=1&ratings%5BNC-17%5D=1&ratings%5BPG%5D=1&ratings%5BPG-13%5D=1&ratings%5BR%5D=1&sort=title" for 165.91.48.237 at 2019-10-23 02:21:48 +0000
Processing by MoviesController#index as HTML
  Parameters: {"ratings"=>{"G"=>"1", "NC-17"=>"1", "PG"=>"1", "PG-13"=>"1", "R"=>"1"}, "sort"=>"title"}
  [1m[36mMovie Load (0.3ms)[0m  [1mSELECT "movies".* FROM "movies" WHERE "movies"."rating" IN ('G', 'NC-17', 'PG', 'PG-13', 'R')  ORDER BY "movies"."title" ASC[0m
  Rendered movies/index.html.haml within layouts/application (5.3ms)
Completed 200 OK in 16ms (Views: 14.9ms | ActiveRecord: 0.3ms)


Started GET "/movies?utf8=%E2%9C%93&title_sort=true&ratings%5BG%5D=1&ratings%5BPG-13%5D=1&ratings%5BNC-17%5D=1&ratings%5BR%5D=1&commit=Refresh" for 165.91.48.237 at 2019-10-23 02:21:50 +0000
Processing by MoviesController#index as HTML
  Parameters: {"utf8"=>"✓", "title_sort"=>"true", "ratings"=>{"G"=>"1", "PG-13"=>"1", "NC-17"=>"1", "R"=>"1"}, "commit"=>"Refresh"}
Redirected to https://95c7f8b92a4c493db9b89317e6633b83.vfs.cloud9.us-east-2.amazonaws.com/movies?ratings%5BG%5D=1&ratings%5BNC-17%5D=1&ratings%5BPG-13%5D=1&ratings%5BR%5D=1&sort=title
Completed 302 Found in 1ms (ActiveRecord: 0.0ms)


Started GET "/movies?ratings%5BG%5D=1&ratings%5BNC-17%5D=1&ratings%5BPG-13%5D=1&ratings%5BR%5D=1&sort=title" for 165.91.48.237 at 2019-10-23 02:21:50 +0000
Processing by MoviesController#index as HTML
  Parameters: {"ratings"=>{"G"=>"1", "NC-17"=>"1", "PG-13"=>"1", "R"=>"1"}, "sort"=>"title"}
  [1m[35mMovie Load (0.3ms)[0m  SELECT "movies".* FROM "movies" WHERE "movies"."rating" IN ('G', 'NC-17', 'PG-13', 'R')  ORDER BY "movies"."title" ASC
  Rendered movies/index.html.haml within layouts/application (4.6ms)
Completed 200 OK in 14ms (Views: 12.8ms | ActiveRecord: 0.3ms)


Started GET "/" for 165.91.48.237 at 2019-10-23 02:37:56 +0000


Started GET "/movies" for 165.91.48.237 at 2019-10-23 02:37:56 +0000
Processing by MoviesController#index as HTML
Redirected to https://95c7f8b92a4c493db9b89317e6633b83.vfs.cloud9.us-east-2.amazonaws.com/movies?ratings%5BG%5D=1&ratings%5BNC-17%5D=1&ratings%5BPG-13%5D=1&ratings%5BR%5D=1&sort=title
Completed 302 Found in 29ms (ActiveRecord: 0.0ms)


Started GET "/movies?ratings%5BG%5D=1&ratings%5BNC-17%5D=1&ratings%5BPG-13%5D=1&ratings%5BR%5D=1&sort=title" for 165.91.48.237 at 2019-10-23 02:37:57 +0000
Processing by MoviesController#index as HTML
  Parameters: {"ratings"=>{"G"=>"1", "NC-17"=>"1", "PG-13"=>"1", "R"=>"1"}, "sort"=>"title"}
  [1m[36mMovie Load (0.2ms)[0m  [1mSELECT "movies".* FROM "movies" WHERE "movies"."rating" IN ('G', 'NC-17', 'PG-13', 'R')  ORDER BY "movies"."title" ASC[0m
  Rendered movies/index.html.haml within layouts/application (16.7ms)
Completed 200 OK in 216ms (Views: 211.8ms | ActiveRecord: 1.4ms)


Started GET "/movies?ratings%5BG%5D=1&ratings%5BNC-17%5D=1&ratings%5BPG-13%5D=1&ratings%5BR%5D=1&sort=release_date" for 165.91.48.237 at 2019-10-23 02:38:07 +0000
Processing by MoviesController#index as HTML
  Parameters: {"ratings"=>{"G"=>"1", "NC-17"=>"1", "PG-13"=>"1", "R"=>"1"}, "sort"=>"release_date"}
Redirected to https://95c7f8b92a4c493db9b89317e6633b83.vfs.cloud9.us-east-2.amazonaws.com/movies?ratings%5BG%5D=1&ratings%5BNC-17%5D=1&ratings%5BPG-13%5D=1&ratings%5BR%5D=1&sort=release_date
Completed 302 Found in 1ms (ActiveRecord: 0.0ms)


Started GET "/movies?ratings%5BG%5D=1&ratings%5BNC-17%5D=1&ratings%5BPG-13%5D=1&ratings%5BR%5D=1&sort=release_date" for 165.91.48.237 at 2019-10-23 02:38:07 +0000
Processing by MoviesController#index as HTML
  Parameters: {"ratings"=>{"G"=>"1", "NC-17"=>"1", "PG-13"=>"1", "R"=>"1"}, "sort"=>"release_date"}
  [1m[35mMovie Load (0.3ms)[0m  SELECT "movies".* FROM "movies" WHERE "movies"."rating" IN ('G', 'NC-17', 'PG-13', 'R')  ORDER BY "movies"."release_date" ASC
  Rendered movies/index.html.haml within layouts/application (4.2ms)
Completed 200 OK in 13ms (Views: 12.4ms | ActiveRecord: 0.3ms)
